[debug] [2022-09-12T05:43:40.385Z] ----------------------------------------------------------------------
[debug] [2022-09-12T05:43:40.387Z] Command:       C:\Program Files\nodejs\node.exe C:\Users\Riya\AppData\Roaming\npm\node_modules\firebase-tools\lib\bin\firebase.js init
[debug] [2022-09-12T05:43:40.388Z] CLI Version:   11.8.1
[debug] [2022-09-12T05:43:40.388Z] Platform:      win32
[debug] [2022-09-12T05:43:40.388Z] Node Version:  v16.16.0
[debug] [2022-09-12T05:43:40.390Z] Time:          Mon Sep 12 2022 11:13:40 GMT+0530 (India Standard Time)
[debug] [2022-09-12T05:43:40.390Z] ----------------------------------------------------------------------
[debug] 
[debug] [2022-09-12T05:43:40.451Z] > command requires scopes: ["email","openid","https://www.googleapis.com/auth/cloudplatformprojects.readonly","https://www.googleapis.com/auth/firebase","https://www.googleapis.com/auth/cloud-platform"]
[debug] [2022-09-12T05:43:40.452Z] > authorizing via signed-in user (patelriya0451@gmail.com)
[info] 
     ######## #### ########  ######## ########     ###     ######  ########
     ##        ##  ##     ## ##       ##     ##  ##   ##  ##       ##
     ######    ##  ########  ######   ########  #########  ######  ######
     ##        ##  ##    ##  ##       ##     ## ##     ##       ## ##
     ##       #### ##     ## ######## ########  ##     ##  ######  ########

You're about to initialize a Firebase project in this directory:

  C:\Full Stack Practicals\airbnb-clone\airbnb-clone-master

Before we get started, keep in mind:

  * You are currently outside your home directory
  * You are initializing within an existing Firebase project directory

[info] 
=== Project Setup
[info] 
[info] First, let's associate this project directory with a Firebase project.
[info] You can create multiple project aliases by running firebase use --add, 
[info] but for now we'll just set up a default project.
[info] 
[debug] [2022-09-12T05:43:50.862Z] Using project from CLI flag: airbnb-clone-70bbe
[debug] [2022-09-12T05:43:50.865Z] >>> [apiv2][query] GET https://firebase.googleapis.com/v1beta1/projects/airbnb-clone-70bbe [none]
[debug] [2022-09-12T05:43:51.470Z] <<< [apiv2][status] GET https://firebase.googleapis.com/v1beta1/projects/airbnb-clone-70bbe 403
[debug] [2022-09-12T05:43:51.471Z] <<< [apiv2][body] GET https://firebase.googleapis.com/v1beta1/projects/airbnb-clone-70bbe {"error":{"code":403,"message":"The caller does not have permission","status":"PERMISSION_DENIED"}}
[debug] [2022-09-12T05:43:51.472Z] HTTP Error: 403, The caller does not have permission
[debug] [2022-09-12T05:43:51.682Z] FirebaseError: HTTP Error: 403, The caller does not have permission
    at responseToError (C:\Users\Riya\AppData\Roaming\npm\node_modules\firebase-tools\lib\responseToError.js:49:12)
    at RetryOperation._fn (C:\Users\Riya\AppData\Roaming\npm\node_modules\firebase-tools\lib\apiv2.js:288:77)
    at processTicksAndRejections (node:internal/process/task_queues:96:5)
[error] 
[error] Error: Failed to get Firebase project airbnb-clone-70bbe. Please make sure the project exists and your account has permission to access it.
